2017-07-01 19:01:09.802  INFO 4804 --- [restartedMain] c.study.mybatis.StudyMybatisApplication  : Starting StudyMybatisApplication on jphil-PC with PID 4804 (D:\workspace-sts\study-springboot-mybatis\target\classes started by jphil in D:\workspace-sts\study-springboot-mybatis)
2017-07-01 19:01:09.805  INFO 4804 --- [restartedMain] c.study.mybatis.StudyMybatisApplication  : No active profile set, falling back to default profiles: default
2017-07-01 19:01:09.820  INFO 4804 --- [restartedMain] ationConfigEmbeddedWebApplicationContext : Refreshing org.springframework.boot.context.embedded.AnnotationConfigEmbeddedWebApplicationContext@316ae798: startup date [Sat Jul 01 19:01:09 CST 2017]; root of context hierarchy
2017-07-01 19:01:10.499  INFO 4804 --- [restartedMain] o.s.b.f.s.DefaultListableBeanFactory     : Overriding bean definition for bean 'dataSource' with a different definition: replacing [Root bean: class [null]; scope=; abstract=false; lazyInit=false; autowireMode=3; dependencyCheck=0; autowireCandidate=true; primary=false; factoryBeanName=org.springframework.boot.autoconfigure.jdbc.DataSourceConfiguration$Dbcp; factoryMethodName=dataSource; initMethodName=null; destroyMethodName=(inferred); defined in class path resource [org/springframework/boot/autoconfigure/jdbc/DataSourceConfiguration$Dbcp.class]] with [Root bean: class [null]; scope=; abstract=false; lazyInit=false; autowireMode=3; dependencyCheck=0; autowireCandidate=true; primary=false; factoryBeanName=org.springframework.boot.autoconfigure.jdbc.DataSourceConfiguration$Tomcat; factoryMethodName=dataSource; initMethodName=null; destroyMethodName=(inferred); defined in class path resource [org/springframework/boot/autoconfigure/jdbc/DataSourceConfiguration$Tomcat.class]]
2017-07-01 19:01:10.520  WARN 4804 --- [restartedMain] o.m.s.mapper.ClassPathMapperScanner      : No MyBatis mapper was found in '[com.study.mybatis]' package. Please check your configuration.
2017-07-01 19:01:10.589  WARN 4804 --- [restartedMain] o.s.c.a.ConfigurationClassPostProcessor  : Cannot enhance @Configuration bean definition 'dataConfig' since its singleton instance has been created too early. The typical cause is a non-static @Bean method with a BeanDefinitionRegistryPostProcessor return type: Consider declaring such methods as 'static'.
2017-07-01 19:01:10.751  INFO 4804 --- [restartedMain] s.b.c.e.t.TomcatEmbeddedServletContainer : Tomcat initialized with port(s): 80 (http)
2017-07-01 19:01:10.752  INFO 4804 --- [restartedMain] o.apache.catalina.core.StandardService   : Starting service [Tomcat]
2017-07-01 19:01:10.752  INFO 4804 --- [restartedMain] org.apache.catalina.core.StandardEngine  : Starting Servlet Engine: Apache Tomcat/8.5.15
2017-07-01 19:01:10.768  INFO 4804 --- [localhost-startStop-1] o.a.c.c.C.[Tomcat].[localhost].[/]       : Initializing Spring embedded WebApplicationContext
2017-07-01 19:01:10.825  INFO 4804 --- [localhost-startStop-1] o.s.b.w.servlet.ServletRegistrationBean  : Mapping servlet: 'dispatcherServlet' to [/]
2017-07-01 19:01:10.826  INFO 4804 --- [localhost-startStop-1] o.s.b.w.servlet.FilterRegistrationBean   : Mapping filter: 'characterEncodingFilter' to: [/*]
2017-07-01 19:01:10.826  INFO 4804 --- [localhost-startStop-1] o.s.b.w.servlet.FilterRegistrationBean   : Mapping filter: 'hiddenHttpMethodFilter' to: [/*]
2017-07-01 19:01:10.827  INFO 4804 --- [localhost-startStop-1] o.s.b.w.servlet.FilterRegistrationBean   : Mapping filter: 'httpPutFormContentFilter' to: [/*]
2017-07-01 19:01:10.827  INFO 4804 --- [localhost-startStop-1] o.s.b.w.servlet.FilterRegistrationBean   : Mapping filter: 'requestContextFilter' to: [/*]
2017-07-01 19:01:11.338  INFO 4804 --- [restartedMain] o.s.b.d.a.OptionalLiveReloadServer       : LiveReload server is running on port 35729
2017-07-01 19:01:11.519  INFO 4804 --- [restartedMain] o.s.j.e.a.AnnotationMBeanExporter        : Registering beans for JMX exposure on startup
2017-07-01 19:01:11.539  INFO 4804 --- [restartedMain] s.b.c.e.t.TomcatEmbeddedServletContainer : Tomcat started on port(s): 80 (http)
2017-07-01 19:01:11.543  INFO 4804 --- [restartedMain] c.study.mybatis.StudyMybatisApplication  : Started StudyMybatisApplication in 1.896 seconds (JVM running for 123.979)
2017-07-01 19:02:13.079  INFO 4804 --- [Thread-17] ationConfigEmbeddedWebApplicationContext : Closing org.springframework.boot.context.embedded.AnnotationConfigEmbeddedWebApplicationContext@316ae798: startup date [Sat Jul 01 19:01:09 CST 2017]; root of context hierarchy
2017-07-01 19:02:13.087  INFO 4804 --- [Thread-17] o.s.j.e.a.AnnotationMBeanExporter        : Unregistering JMX-exposed beans on shutdown
2017-07-01 19:02:50.729  INFO 3440 --- [restartedMain] c.study.mybatis.StudyMybatisApplication  : Starting StudyMybatisApplication on jphil-PC with PID 3440 (D:\workspace-sts\study-springboot-mybatis\target\classes started by jphil in D:\workspace-sts\study-springboot-mybatis)
2017-07-01 19:02:50.733  INFO 3440 --- [restartedMain] c.study.mybatis.StudyMybatisApplication  : No active profile set, falling back to default profiles: default
2017-07-01 19:02:50.739  INFO 3440 --- [restartedMain] ationConfigEmbeddedWebApplicationContext : Refreshing org.springframework.boot.context.embedded.AnnotationConfigEmbeddedWebApplicationContext@2a56ef02: startup date [Sat Jul 01 19:02:50 CST 2017]; root of context hierarchy
2017-07-01 19:02:51.513  INFO 3440 --- [restartedMain] o.s.b.f.s.DefaultListableBeanFactory     : Overriding bean definition for bean 'dataSource' with a different definition: replacing [Root bean: class [null]; scope=; abstract=false; lazyInit=false; autowireMode=3; dependencyCheck=0; autowireCandidate=true; primary=false; factoryBeanName=org.springframework.boot.autoconfigure.jdbc.DataSourceConfiguration$Dbcp; factoryMethodName=dataSource; initMethodName=null; destroyMethodName=(inferred); defined in class path resource [org/springframework/boot/autoconfigure/jdbc/DataSourceConfiguration$Dbcp.class]] with [Root bean: class [null]; scope=; abstract=false; lazyInit=false; autowireMode=3; dependencyCheck=0; autowireCandidate=true; primary=false; factoryBeanName=org.springframework.boot.autoconfigure.jdbc.DataSourceConfiguration$Tomcat; factoryMethodName=dataSource; initMethodName=null; destroyMethodName=(inferred); defined in class path resource [org/springframework/boot/autoconfigure/jdbc/DataSourceConfiguration$Tomcat.class]]
2017-07-01 19:02:51.542  WARN 3440 --- [restartedMain] o.m.s.mapper.ClassPathMapperScanner      : No MyBatis mapper was found in '[com.study.mybatis]' package. Please check your configuration.
2017-07-01 19:02:51.608  WARN 3440 --- [restartedMain] o.s.c.a.ConfigurationClassPostProcessor  : Cannot enhance @Configuration bean definition 'dataConfig' since its singleton instance has been created too early. The typical cause is a non-static @Bean method with a BeanDefinitionRegistryPostProcessor return type: Consider declaring such methods as 'static'.
2017-07-01 19:02:51.776  INFO 3440 --- [restartedMain] s.b.c.e.t.TomcatEmbeddedServletContainer : Tomcat initialized with port(s): 80 (http)
2017-07-01 19:02:51.777  INFO 3440 --- [restartedMain] o.apache.catalina.core.StandardService   : Starting service [Tomcat]
2017-07-01 19:02:51.778  INFO 3440 --- [restartedMain] org.apache.catalina.core.StandardEngine  : Starting Servlet Engine: Apache Tomcat/8.5.15
2017-07-01 19:02:51.833  INFO 3440 --- [localhost-startStop-1] o.a.c.c.C.[Tomcat].[localhost].[/]       : Initializing Spring embedded WebApplicationContext
2017-07-01 19:02:51.896  INFO 3440 --- [localhost-startStop-1] o.s.b.w.servlet.ServletRegistrationBean  : Mapping servlet: 'dispatcherServlet' to [/]
2017-07-01 19:02:51.896  INFO 3440 --- [localhost-startStop-1] o.s.b.w.servlet.FilterRegistrationBean   : Mapping filter: 'characterEncodingFilter' to: [/*]
2017-07-01 19:02:51.897  INFO 3440 --- [localhost-startStop-1] o.s.b.w.servlet.FilterRegistrationBean   : Mapping filter: 'hiddenHttpMethodFilter' to: [/*]
2017-07-01 19:02:51.897  INFO 3440 --- [localhost-startStop-1] o.s.b.w.servlet.FilterRegistrationBean   : Mapping filter: 'httpPutFormContentFilter' to: [/*]
2017-07-01 19:02:51.897  INFO 3440 --- [localhost-startStop-1] o.s.b.w.servlet.FilterRegistrationBean   : Mapping filter: 'requestContextFilter' to: [/*]
2017-07-01 19:02:52.408  INFO 3440 --- [restartedMain] o.s.b.d.a.OptionalLiveReloadServer       : LiveReload server is running on port 35729
2017-07-01 19:02:52.599  INFO 3440 --- [restartedMain] o.s.j.e.a.AnnotationMBeanExporter        : Registering beans for JMX exposure on startup
2017-07-01 19:02:52.621  INFO 3440 --- [restartedMain] s.b.c.e.t.TomcatEmbeddedServletContainer : Tomcat started on port(s): 80 (http)
2017-07-01 19:02:52.625  INFO 3440 --- [restartedMain] c.study.mybatis.StudyMybatisApplication  : Started StudyMybatisApplication in 1.976 seconds (JVM running for 21.34)
2017-07-01 19:03:36.831  INFO 3440 --- [http-nio-80-exec-2] o.a.c.c.C.[Tomcat].[localhost].[/]       : Initializing Spring FrameworkServlet 'dispatcherServlet'
2017-07-01 19:03:37.437  INFO 3440 --- [http-nio-80-exec-2] o.s.b.f.xml.XmlBeanDefinitionReader      : Loading XML bean definitions from class path resource [org/springframework/jdbc/support/sql-error-codes.xml]
2017-07-01 19:03:37.521  INFO 3440 --- [http-nio-80-exec-2] o.s.jdbc.support.SQLErrorCodesFactory    : SQLErrorCodes loaded: [DB2, Derby, H2, HSQL, Informix, MS-SQL, MySQL, Oracle, PostgreSQL, Sybase, Hana]
2017-07-01 19:03:37.527 ERROR 3440 --- [http-nio-80-exec-2] c.s.mybatis.bean.ExceptionController     : 
### Error updating database.  Cause: com.mysql.jdbc.exceptions.jdbc4.MySQLIntegrityConstraintViolationException: Column 'username' cannot be null
### The error may involve com.study.mybatis.mapper.UserMapper.insert-Inline
### The error occurred while setting parameters
### SQL: insert into user (username) values (?)
### Cause: com.mysql.jdbc.exceptions.jdbc4.MySQLIntegrityConstraintViolationException: Column 'username' cannot be null
; SQL []; Column 'username' cannot be null; nested exception is com.mysql.jdbc.exceptions.jdbc4.MySQLIntegrityConstraintViolationException: Column 'username' cannot be null
2017-07-01 19:08:40.922  INFO 3440 --- [Thread-10] ationConfigEmbeddedWebApplicationContext : Closing org.springframework.boot.context.embedded.AnnotationConfigEmbeddedWebApplicationContext@2a56ef02: startup date [Sat Jul 01 19:02:50 CST 2017]; root of context hierarchy
2017-07-01 19:08:40.928  INFO 3440 --- [Thread-10] o.s.j.e.a.AnnotationMBeanExporter        : Unregistering JMX-exposed beans on shutdown
2017-07-01 19:08:41.852  INFO 3440 --- [restartedMain] c.study.mybatis.StudyMybatisApplication  : Starting StudyMybatisApplication on jphil-PC with PID 3440 (D:\workspace-sts\study-springboot-mybatis\target\classes started by jphil in D:\workspace-sts\study-springboot-mybatis)
2017-07-01 19:08:41.852  INFO 3440 --- [restartedMain] c.study.mybatis.StudyMybatisApplication  : No active profile set, falling back to default profiles: default
2017-07-01 19:08:41.861  INFO 3440 --- [restartedMain] ationConfigEmbeddedWebApplicationContext : Refreshing org.springframework.boot.context.embedded.AnnotationConfigEmbeddedWebApplicationContext@4a3a8698: startup date [Sat Jul 01 19:08:41 CST 2017]; root of context hierarchy
2017-07-01 19:08:42.674  INFO 3440 --- [restartedMain] o.s.b.f.s.DefaultListableBeanFactory     : Overriding bean definition for bean 'dataSource' with a different definition: replacing [Root bean: class [null]; scope=; abstract=false; lazyInit=false; autowireMode=3; dependencyCheck=0; autowireCandidate=true; primary=false; factoryBeanName=org.springframework.boot.autoconfigure.jdbc.DataSourceConfiguration$Dbcp; factoryMethodName=dataSource; initMethodName=null; destroyMethodName=(inferred); defined in class path resource [org/springframework/boot/autoconfigure/jdbc/DataSourceConfiguration$Dbcp.class]] with [Root bean: class [null]; scope=; abstract=false; lazyInit=false; autowireMode=3; dependencyCheck=0; autowireCandidate=true; primary=false; factoryBeanName=org.springframework.boot.autoconfigure.jdbc.DataSourceConfiguration$Tomcat; factoryMethodName=dataSource; initMethodName=null; destroyMethodName=(inferred); defined in class path resource [org/springframework/boot/autoconfigure/jdbc/DataSourceConfiguration$Tomcat.class]]
2017-07-01 19:08:42.701  WARN 3440 --- [restartedMain] o.m.s.mapper.ClassPathMapperScanner      : No MyBatis mapper was found in '[com.study.mybatis]' package. Please check your configuration.
2017-07-01 19:08:42.786  WARN 3440 --- [restartedMain] o.s.c.a.ConfigurationClassPostProcessor  : Cannot enhance @Configuration bean definition 'dataConfig' since its singleton instance has been created too early. The typical cause is a non-static @Bean method with a BeanDefinitionRegistryPostProcessor return type: Consider declaring such methods as 'static'.
2017-07-01 19:08:42.990  INFO 3440 --- [restartedMain] s.b.c.e.t.TomcatEmbeddedServletContainer : Tomcat initialized with port(s): 80 (http)
2017-07-01 19:08:42.991  INFO 3440 --- [restartedMain] o.apache.catalina.core.StandardService   : Starting service [Tomcat]
2017-07-01 19:08:42.992  INFO 3440 --- [restartedMain] org.apache.catalina.core.StandardEngine  : Starting Servlet Engine: Apache Tomcat/8.5.15
2017-07-01 19:08:43.012  INFO 3440 --- [localhost-startStop-1] o.a.c.c.C.[Tomcat].[localhost].[/]       : Initializing Spring embedded WebApplicationContext
2017-07-01 19:08:43.084  INFO 3440 --- [localhost-startStop-1] o.s.b.w.servlet.ServletRegistrationBean  : Mapping servlet: 'dispatcherServlet' to [/]
2017-07-01 19:08:43.085  INFO 3440 --- [localhost-startStop-1] o.s.b.w.servlet.FilterRegistrationBean   : Mapping filter: 'characterEncodingFilter' to: [/*]
2017-07-01 19:08:43.086  INFO 3440 --- [localhost-startStop-1] o.s.b.w.servlet.FilterRegistrationBean   : Mapping filter: 'hiddenHttpMethodFilter' to: [/*]
2017-07-01 19:08:43.086  INFO 3440 --- [localhost-startStop-1] o.s.b.w.servlet.FilterRegistrationBean   : Mapping filter: 'httpPutFormContentFilter' to: [/*]
2017-07-01 19:08:43.087  INFO 3440 --- [localhost-startStop-1] o.s.b.w.servlet.FilterRegistrationBean   : Mapping filter: 'requestContextFilter' to: [/*]
2017-07-01 19:08:43.632  INFO 3440 --- [restartedMain] o.s.b.d.a.OptionalLiveReloadServer       : LiveReload server is running on port 35729
2017-07-01 19:08:43.872  INFO 3440 --- [restartedMain] o.s.j.e.a.AnnotationMBeanExporter        : Registering beans for JMX exposure on startup
2017-07-01 19:08:43.892  INFO 3440 --- [restartedMain] s.b.c.e.t.TomcatEmbeddedServletContainer : Tomcat started on port(s): 80 (http)
2017-07-01 19:08:43.895  INFO 3440 --- [restartedMain] c.study.mybatis.StudyMybatisApplication  : Started StudyMybatisApplication in 2.175 seconds (JVM running for 372.6)
